\BOOKMARK [1][-]{section.1}{\376\377\0001\000\040\000G\000N\000U\000\040\000L\000E\000S\000S\000E\000R\000\040\000G\000E\000N\000E\000R\000A\000L\000\040\000P\000U\000B\000L\000I\000C\000\040\000L\000I\000C\000E\000N\000S\000E}{}% 1
\BOOKMARK [1][-]{section.2}{\376\377\0002\000\040\004\020\004\073\004\104\004\060\004\062\004\126\004\102\004\075\004\070\004\071\000\040\004\077\004\076\004\072\004\060\004\066\004\107\004\070\004\072\000\040\004\077\004\100\004\076\004\101\004\102\004\076\004\100\004\103\000\040\004\126\004\074\004\065\004\075}{}% 2
\BOOKMARK [2][-]{subsection.2.1}{\376\377\0002\000.\0001\000\040\004\037\004\100\004\076\004\101\004\102\004\126\004\100\000\040\004\126\004\074\004\065\004\075}{section.2}% 3
\BOOKMARK [1][-]{section.3}{\376\377\0003\000\040\004\006\004\124\004\100\004\060\004\100\004\105\004\126\004\107\004\075\004\070\004\071\000\040\004\077\004\076\004\072\004\060\004\066\004\107\004\070\004\072\000\040\004\072\004\073\004\060\004\101\004\126\004\062}{}% 4
\BOOKMARK [2][-]{subsection.3.1}{\376\377\0003\000.\0001\000\040\004\006\004\124\004\100\004\060\004\100\004\105\004\126\004\117\000\040\004\072\004\073\004\060\004\101\004\126\004\062}{section.3}% 5
\BOOKMARK [1][-]{section.4}{\376\377\0004\000\040\004\020\004\073\004\104\004\060\004\062\004\126\004\102\004\075\004\070\004\071\000\040\004\077\004\076\004\072\004\060\004\066\004\107\004\070\004\072\000\040\004\072\004\073\004\060\004\101\004\126\004\062}{}% 6
\BOOKMARK [2][-]{subsection.4.1}{\376\377\0004\000.\0001\000\040\004\032\004\073\004\060\004\101\004\070}{section.4}% 7
\BOOKMARK [1][-]{section.5}{\376\377\0005\000\040\004\037\004\076\004\072\004\060\004\066\004\107\004\070\004\072\000\040\004\104\004\060\004\071\004\073\004\062}{}% 8
\BOOKMARK [2][-]{subsection.5.1}{\376\377\0005\000.\0001\000\040\004\044\004\060\004\071\004\073\004\070}{section.5}% 9
\BOOKMARK [1][-]{section.6}{\376\377\0006\000\040\004\036\004\077\004\070\004\101\000\040\004\077\004\100\004\076\004\101\004\102\004\076\004\100\004\103\000\040\004\126\004\074\004\065\004\075}{}% 10
\BOOKMARK [2][-]{subsection.6.1}{\376\377\0006\000.\0001\000\040\004\037\004\100\004\076\004\101\004\102\004\126\004\100\000\040\004\126\004\074\004\065\004\075\000\040\000O\000S\000D\000O}{section.6}% 11
\BOOKMARK [3][-]{subsubsection.6.1.1}{\376\377\0006\000.\0001\000.\0001\000\040\004\024\004\065\004\102\004\060\004\073\004\114\004\075\004\070\004\071\000\040\004\076\004\077\004\070\004\101}{subsection.6.1}% 12
\BOOKMARK [1][-]{section.7}{\376\377\0007\000\040\004\032\004\073\004\060\004\101\004\070}{}% 13
\BOOKMARK [2][-]{subsection.7.1}{\376\377\0007\000.\0001\000\040\004\032\004\073\004\060\004\101\000\040\000B\000e\000z\000i\000a\000t\000o\000r}{section.7}% 14
\BOOKMARK [3][-]{subsubsection.7.1.1}{\376\377\0007\000.\0001\000.\0001\000\040\004\024\004\065\004\102\004\060\004\073\004\114\004\075\004\070\004\071\000\040\004\076\004\077\004\070\004\101}{subsection.7.1}% 15
\BOOKMARK [3][-]{subsubsection.7.1.2}{\376\377\0007\000.\0001\000.\0002\000\040\004\036\004\077\004\070\004\101\000\040\004\102\004\070\004\077\004\126\004\062\000\040\004\072\004\076\004\100\004\070\004\101\004\102\004\103\004\062\004\060\004\107\004\060}{subsection.7.1}% 16
\BOOKMARK [3][-]{subsubsection.7.1.3}{\376\377\0007\000.\0001\000.\0003\000\040\004\032\004\076\004\075\004\101\004\102\004\100\004\103\004\072\004\102\004\076\004\100\000\050\004\070\000\051}{subsection.7.1}% 17
\BOOKMARK [3][-]{subsubsection.7.1.4}{\376\377\0007\000.\0001\000.\0004\000\040\004\036\004\077\004\070\004\101\000\040\004\074\004\065\004\102\004\076\004\064\004\126\004\062\000\040\004\072\004\076\004\074\004\077\004\076\004\075\004\065\004\075\004\102}{subsection.7.1}% 18
\BOOKMARK [3][-]{subsubsection.7.1.5}{\376\377\0007\000.\0001\000.\0005\000\040\004\032\004\076\004\074\004\077\004\076\004\075\004\065\004\075\004\102\004\075\004\126\000\040\004\064\004\060\004\075\004\126}{subsection.7.1}% 19
\BOOKMARK [2][-]{subsection.7.2}{\376\377\0007\000.\0002\000\040\004\032\004\073\004\060\004\101\000\040\000B\000i\000j\000e\000c\000t\000i\000v\000e}{section.7}% 20
\BOOKMARK [3][-]{subsubsection.7.2.1}{\376\377\0007\000.\0002\000.\0001\000\040\004\024\004\065\004\102\004\060\004\073\004\114\004\075\004\070\004\071\000\040\004\076\004\077\004\070\004\101}{subsection.7.2}% 21
\BOOKMARK [3][-]{subsubsection.7.2.2}{\376\377\0007\000.\0002\000.\0002\000\040\004\032\004\076\004\075\004\101\004\102\004\100\004\103\004\072\004\102\004\076\004\100\000\050\004\070\000\051}{subsection.7.2}% 22
\BOOKMARK [3][-]{subsubsection.7.2.3}{\376\377\0007\000.\0002\000.\0003\000\040\004\036\004\077\004\070\004\101\000\040\004\074\004\065\004\102\004\076\004\064\004\126\004\062\000\040\004\072\004\076\004\074\004\077\004\076\004\075\004\065\004\075\004\102}{subsection.7.2}% 23
\BOOKMARK [2][-]{subsection.7.3}{\376\377\0007\000.\0003\000\040\004\032\004\073\004\060\004\101\000\040\000B\000u\000f\000f\000e\000r}{section.7}% 24
\BOOKMARK [3][-]{subsubsection.7.3.1}{\376\377\0007\000.\0003\000.\0001\000\040\004\024\004\065\004\102\004\060\004\073\004\114\004\075\004\070\004\071\000\040\004\076\004\077\004\070\004\101}{subsection.7.3}% 25
\BOOKMARK [3][-]{subsubsection.7.3.2}{\376\377\0007\000.\0003\000.\0002\000\040\004\036\004\077\004\070\004\101\000\040\004\074\004\065\004\102\004\076\004\064\004\126\004\062\000\040\004\072\004\076\004\074\004\077\004\076\004\075\004\065\004\075\004\102}{subsection.7.3}% 26
\BOOKMARK [3][-]{subsubsection.7.3.3}{\376\377\0007\000.\0003\000.\0003\000\040\004\032\004\076\004\074\004\077\004\076\004\075\004\065\004\075\004\102\004\075\004\126\000\040\004\064\004\060\004\075\004\126}{subsection.7.3}% 27
\BOOKMARK [2][-]{subsection.7.4}{\376\377\0007\000.\0004\000\040\004\032\004\073\004\060\004\101\000\040\000C\000a\000m\000e\000r\000a}{section.7}% 28
\BOOKMARK [3][-]{subsubsection.7.4.1}{\376\377\0007\000.\0004\000.\0001\000\040\004\024\004\065\004\102\004\060\004\073\004\114\004\075\004\070\004\071\000\040\004\076\004\077\004\070\004\101}{subsection.7.4}% 29
\BOOKMARK [3][-]{subsubsection.7.4.2}{\376\377\0007\000.\0004\000.\0002\000\040\004\032\004\076\004\075\004\101\004\102\004\100\004\103\004\072\004\102\004\076\004\100\000\050\004\070\000\051}{subsection.7.4}% 30
\BOOKMARK [3][-]{subsubsection.7.4.3}{\376\377\0007\000.\0004\000.\0003\000\040\004\036\004\077\004\070\004\101\000\040\004\074\004\065\004\102\004\076\004\064\004\126\004\062\000\040\004\072\004\076\004\074\004\077\004\076\004\075\004\065\004\075\004\102}{subsection.7.4}% 31
\BOOKMARK [3][-]{subsubsection.7.4.4}{\376\377\0007\000.\0004\000.\0004\000\040\004\032\004\076\004\074\004\077\004\076\004\075\004\065\004\075\004\102\004\075\004\126\000\040\004\064\004\060\004\075\004\126}{subsection.7.4}% 32
\BOOKMARK [2][-]{subsection.7.5}{\376\377\0007\000.\0005\000\040\004\041\004\102\004\100\004\103\004\072\004\102\004\103\004\100\004\060\000\040\000C\000o\000n\000t\000e\000x\000t}{section.7}% 33
\BOOKMARK [3][-]{subsubsection.7.5.1}{\376\377\0007\000.\0005\000.\0001\000\040\004\024\004\065\004\102\004\060\004\073\004\114\004\075\004\070\004\071\000\040\004\076\004\077\004\070\004\101}{subsection.7.5}% 34
\BOOKMARK [3][-]{subsubsection.7.5.2}{\376\377\0007\000.\0005\000.\0002\000\040\004\036\004\077\004\070\004\101\000\040\004\102\004\070\004\077\004\126\004\062\000\040\004\072\004\076\004\100\004\070\004\101\004\102\004\103\004\062\004\060\004\107\004\060}{subsection.7.5}% 35
\BOOKMARK [3][-]{subsubsection.7.5.3}{\376\377\0007\000.\0005\000.\0003\000\040\004\032\004\076\004\075\004\101\004\102\004\100\004\103\004\072\004\102\004\076\004\100\000\050\004\070\000\051}{subsection.7.5}% 36
\BOOKMARK [3][-]{subsubsection.7.5.4}{\376\377\0007\000.\0005\000.\0004\000\040\004\036\004\077\004\070\004\101\000\040\004\074\004\065\004\102\004\076\004\064\004\126\004\062\000\040\004\072\004\076\004\074\004\077\004\076\004\075\004\065\004\075\004\102}{subsection.7.5}% 37
\BOOKMARK [3][-]{subsubsection.7.5.5}{\376\377\0007\000.\0005\000.\0005\000\040\004\032\004\076\004\074\004\077\004\076\004\075\004\065\004\075\004\102\004\075\004\126\000\040\004\064\004\060\004\075\004\126}{subsection.7.5}% 38
\BOOKMARK [2][-]{subsection.7.6}{\376\377\0007\000.\0006\000\040\004\032\004\073\004\060\004\101\000\040\000F\000r\000a\000m\000e\000b\000u\000f\000f\000e\000r}{section.7}% 39
\BOOKMARK [3][-]{subsubsection.7.6.1}{\376\377\0007\000.\0006\000.\0001\000\040\004\024\004\065\004\102\004\060\004\073\004\114\004\075\004\070\004\071\000\040\004\076\004\077\004\070\004\101}{subsection.7.6}% 40
\BOOKMARK [3][-]{subsubsection.7.6.2}{\376\377\0007\000.\0006\000.\0002\000\040\004\032\004\076\004\075\004\101\004\102\004\100\004\103\004\072\004\102\004\076\004\100\000\050\004\070\000\051}{subsection.7.6}% 41
\BOOKMARK [3][-]{subsubsection.7.6.3}{\376\377\0007\000.\0006\000.\0003\000\040\004\036\004\077\004\070\004\101\000\040\004\074\004\065\004\102\004\076\004\064\004\126\004\062\000\040\004\072\004\076\004\074\004\077\004\076\004\075\004\065\004\075\004\102}{subsection.7.6}% 42
\BOOKMARK [2][-]{subsection.7.7}{\376\377\0007\000.\0007\000\040\004\032\004\073\004\060\004\101\000\040\000G\000l\000B\000i\000n\000d\000a\000b\000l\000e}{section.7}% 43
\BOOKMARK [3][-]{subsubsection.7.7.1}{\376\377\0007\000.\0007\000.\0001\000\040\004\024\004\065\004\102\004\060\004\073\004\114\004\075\004\070\004\071\000\040\004\076\004\077\004\070\004\101}{subsection.7.7}% 44
\BOOKMARK [3][-]{subsubsection.7.7.2}{\376\377\0007\000.\0007\000.\0002\000\040\004\032\004\076\004\075\004\101\004\102\004\100\004\103\004\072\004\102\004\076\004\100\000\050\004\070\000\051}{subsection.7.7}% 45
\BOOKMARK [3][-]{subsubsection.7.7.3}{\376\377\0007\000.\0007\000.\0003\000\040\004\036\004\077\004\070\004\101\000\040\004\074\004\065\004\102\004\076\004\064\004\126\004\062\000\040\004\072\004\076\004\074\004\077\004\076\004\075\004\065\004\075\004\102}{subsection.7.7}% 46
\BOOKMARK [3][-]{subsubsection.7.7.4}{\376\377\0007\000.\0007\000.\0004\000\040\004\032\004\076\004\074\004\077\004\076\004\075\004\065\004\075\004\102\004\075\004\126\000\040\004\064\004\060\004\075\004\126}{subsection.7.7}% 47
\BOOKMARK [2][-]{subsection.7.8}{\376\377\0007\000.\0008\000\040\004\032\004\073\004\060\004\101\000\040\000G\000l\000B\000i\000n\000d\000e\000r}{section.7}% 48
\BOOKMARK [3][-]{subsubsection.7.8.1}{\376\377\0007\000.\0008\000.\0001\000\040\004\024\004\065\004\102\004\060\004\073\004\114\004\075\004\070\004\071\000\040\004\076\004\077\004\070\004\101}{subsection.7.8}% 49
\BOOKMARK [3][-]{subsubsection.7.8.2}{\376\377\0007\000.\0008\000.\0002\000\040\004\032\004\076\004\075\004\101\004\102\004\100\004\103\004\072\004\102\004\076\004\100\000\050\004\070\000\051}{subsection.7.8}% 50
\BOOKMARK [3][-]{subsubsection.7.8.3}{\376\377\0007\000.\0008\000.\0003\000\040\004\032\004\076\004\074\004\077\004\076\004\075\004\065\004\075\004\102\004\075\004\126\000\040\004\064\004\060\004\075\004\126}{subsection.7.8}% 51
\BOOKMARK [2][-]{subsection.7.9}{\376\377\0007\000.\0009\000\040\004\032\004\073\004\060\004\101\000\040\000I\000m\000a\000g\000e}{section.7}% 52
\BOOKMARK [3][-]{subsubsection.7.9.1}{\376\377\0007\000.\0009\000.\0001\000\040\004\024\004\065\004\102\004\060\004\073\004\114\004\075\004\070\004\071\000\040\004\076\004\077\004\070\004\101}{subsection.7.9}% 53
\BOOKMARK [3][-]{subsubsection.7.9.2}{\376\377\0007\000.\0009\000.\0002\000\040\004\032\004\076\004\075\004\101\004\102\004\100\004\103\004\072\004\102\004\076\004\100\000\050\004\070\000\051}{subsection.7.9}% 54
\BOOKMARK [3][-]{subsubsection.7.9.3}{\376\377\0007\000.\0009\000.\0003\000\040\004\036\004\077\004\070\004\101\000\040\004\074\004\065\004\102\004\076\004\064\004\126\004\062\000\040\004\072\004\076\004\074\004\077\004\076\004\075\004\065\004\075\004\102}{subsection.7.9}% 55
\BOOKMARK [3][-]{subsubsection.7.9.4}{\376\377\0007\000.\0009\000.\0004\000\040\004\032\004\076\004\074\004\077\004\076\004\075\004\065\004\075\004\102\004\075\004\126\000\040\004\064\004\060\004\075\004\126}{subsection.7.9}% 56
\BOOKMARK [2][-]{subsection.7.10}{\376\377\0007\000.\0001\0000\000\040\004\032\004\073\004\060\004\101\000\040\000M\000e\000s\000h}{section.7}% 57
\BOOKMARK [3][-]{subsubsection.7.10.1}{\376\377\0007\000.\0001\0000\000.\0001\000\040\004\024\004\065\004\102\004\060\004\073\004\114\004\075\004\070\004\071\000\040\004\076\004\077\004\070\004\101}{subsection.7.10}% 58
\BOOKMARK [3][-]{subsubsection.7.10.2}{\376\377\0007\000.\0001\0000\000.\0002\000\040\004\032\004\076\004\075\004\101\004\102\004\100\004\103\004\072\004\102\004\076\004\100\000\050\004\070\000\051}{subsection.7.10}% 59
\BOOKMARK [3][-]{subsubsection.7.10.3}{\376\377\0007\000.\0001\0000\000.\0003\000\040\004\036\004\077\004\070\004\101\000\040\004\074\004\065\004\102\004\076\004\064\004\126\004\062\000\040\004\072\004\076\004\074\004\077\004\076\004\075\004\065\004\075\004\102}{subsection.7.10}% 60
\BOOKMARK [3][-]{subsubsection.7.10.4}{\376\377\0007\000.\0001\0000\000.\0004\000\040\004\032\004\076\004\074\004\077\004\076\004\075\004\065\004\075\004\102\004\075\004\126\000\040\004\064\004\060\004\075\004\126}{subsection.7.10}% 61
\BOOKMARK [2][-]{subsection.7.11}{\376\377\0007\000.\0001\0001\000\040\004\032\004\073\004\060\004\101\000\040\000M\000o\000d\000e\000l}{section.7}% 62
\BOOKMARK [3][-]{subsubsection.7.11.1}{\376\377\0007\000.\0001\0001\000.\0001\000\040\004\024\004\065\004\102\004\060\004\073\004\114\004\075\004\070\004\071\000\040\004\076\004\077\004\070\004\101}{subsection.7.11}% 63
\BOOKMARK [3][-]{subsubsection.7.11.2}{\376\377\0007\000.\0001\0001\000.\0002\000\040\004\032\004\076\004\075\004\101\004\102\004\100\004\103\004\072\004\102\004\076\004\100\000\050\004\070\000\051}{subsection.7.11}% 64
\BOOKMARK [3][-]{subsubsection.7.11.3}{\376\377\0007\000.\0001\0001\000.\0003\000\040\004\036\004\077\004\070\004\101\000\040\004\074\004\065\004\102\004\076\004\064\004\126\004\062\000\040\004\072\004\076\004\074\004\077\004\076\004\075\004\065\004\075\004\102}{subsection.7.11}% 65
\BOOKMARK [2][-]{subsection.7.12}{\376\377\0007\000.\0001\0002\000\040\004\032\004\073\004\060\004\101\000\040\000O\000b\000j\000e\000c\000t}{section.7}% 66
\BOOKMARK [3][-]{subsubsection.7.12.1}{\376\377\0007\000.\0001\0002\000.\0001\000\040\004\024\004\065\004\102\004\060\004\073\004\114\004\075\004\070\004\071\000\040\004\076\004\077\004\070\004\101}{subsection.7.12}% 67
\BOOKMARK [3][-]{subsubsection.7.12.2}{\376\377\0007\000.\0001\0002\000.\0002\000\040\004\032\004\076\004\075\004\101\004\102\004\100\004\103\004\072\004\102\004\076\004\100\000\050\004\070\000\051}{subsection.7.12}% 68
\BOOKMARK [3][-]{subsubsection.7.12.3}{\376\377\0007\000.\0001\0002\000.\0003\000\040\004\036\004\077\004\070\004\101\000\040\004\074\004\065\004\102\004\076\004\064\004\126\004\062\000\040\004\072\004\076\004\074\004\077\004\076\004\075\004\065\004\075\004\102}{subsection.7.12}% 69
\BOOKMARK [3][-]{subsubsection.7.12.4}{\376\377\0007\000.\0001\0002\000.\0004\000\040\004\032\004\076\004\074\004\077\004\076\004\075\004\065\004\075\004\102\004\075\004\126\000\040\004\064\004\060\004\075\004\126}{subsection.7.12}% 70
\BOOKMARK [2][-]{subsection.7.13}{\376\377\0007\000.\0001\0003\000\040\004\032\004\073\004\060\004\101\000\040\000R\000e\000n\000d\000e\000r\000b\000u\000f\000f\000e\000r}{section.7}% 71
\BOOKMARK [3][-]{subsubsection.7.13.1}{\376\377\0007\000.\0001\0003\000.\0001\000\040\004\024\004\065\004\102\004\060\004\073\004\114\004\075\004\070\004\071\000\040\004\076\004\077\004\070\004\101}{subsection.7.13}% 72
\BOOKMARK [3][-]{subsubsection.7.13.2}{\376\377\0007\000.\0001\0003\000.\0002\000\040\004\032\004\076\004\075\004\101\004\102\004\100\004\103\004\072\004\102\004\076\004\100\000\050\004\070\000\051}{subsection.7.13}% 73
\BOOKMARK [3][-]{subsubsection.7.13.3}{\376\377\0007\000.\0001\0003\000.\0003\000\040\004\036\004\077\004\070\004\101\000\040\004\074\004\065\004\102\004\076\004\064\004\126\004\062\000\040\004\072\004\076\004\074\004\077\004\076\004\075\004\065\004\075\004\102}{subsection.7.13}% 74
\BOOKMARK [2][-]{subsection.7.14}{\376\377\0007\000.\0001\0004\000\040\004\041\004\102\004\100\004\103\004\072\004\102\004\103\004\100\004\060\000\040\000S\000c\000e\000n\000e}{section.7}% 75
\BOOKMARK [3][-]{subsubsection.7.14.1}{\376\377\0007\000.\0001\0004\000.\0001\000\040\004\024\004\065\004\102\004\060\004\073\004\114\004\075\004\070\004\071\000\040\004\076\004\077\004\070\004\101}{subsection.7.14}% 76
\BOOKMARK [3][-]{subsubsection.7.14.2}{\376\377\0007\000.\0001\0004\000.\0002\000\040\004\032\004\076\004\075\004\101\004\102\004\100\004\103\004\072\004\102\004\076\004\100\000\050\004\070\000\051}{subsection.7.14}% 77
\BOOKMARK [3][-]{subsubsection.7.14.3}{\376\377\0007\000.\0001\0004\000.\0003\000\040\004\036\004\077\004\070\004\101\000\040\004\074\004\065\004\102\004\076\004\064\004\126\004\062\000\040\004\072\004\076\004\074\004\077\004\076\004\075\004\065\004\075\004\102}{subsection.7.14}% 78
\BOOKMARK [3][-]{subsubsection.7.14.4}{\376\377\0007\000.\0001\0004\000.\0004\000\040\004\032\004\076\004\074\004\077\004\076\004\075\004\065\004\075\004\102\004\075\004\126\000\040\004\064\004\060\004\075\004\126}{subsection.7.14}% 79
\BOOKMARK [2][-]{subsection.7.15}{\376\377\0007\000.\0001\0005\000\040\004\032\004\073\004\060\004\101\000\040\000S\000h\000a\000d\000e\000r}{section.7}% 80
\BOOKMARK [3][-]{subsubsection.7.15.1}{\376\377\0007\000.\0001\0005\000.\0001\000\040\004\024\004\065\004\102\004\060\004\073\004\114\004\075\004\070\004\071\000\040\004\076\004\077\004\070\004\101}{subsection.7.15}% 81
\BOOKMARK [3][-]{subsubsection.7.15.2}{\376\377\0007\000.\0001\0005\000.\0002\000\040\004\036\004\077\004\070\004\101\000\040\004\102\004\070\004\077\004\126\004\062\000\040\004\072\004\076\004\100\004\070\004\101\004\102\004\103\004\062\004\060\004\107\004\060}{subsection.7.15}% 82
\BOOKMARK [3][-]{subsubsection.7.15.3}{\376\377\0007\000.\0001\0005\000.\0003\000\040\004\032\004\076\004\075\004\101\004\102\004\100\004\103\004\072\004\102\004\076\004\100\000\050\004\070\000\051}{subsection.7.15}% 83
\BOOKMARK [3][-]{subsubsection.7.15.4}{\376\377\0007\000.\0001\0005\000.\0004\000\040\004\036\004\077\004\070\004\101\000\040\004\074\004\065\004\102\004\076\004\064\004\126\004\062\000\040\004\072\004\076\004\074\004\077\004\076\004\075\004\065\004\075\004\102}{subsection.7.15}% 84
\BOOKMARK [2][-]{subsection.7.16}{\376\377\0007\000.\0001\0006\000\040\004\032\004\073\004\060\004\101\000\040\000S\000h\000a\000d\000e\000r\000S\000o\000u\000r\000c\000e}{section.7}% 85
\BOOKMARK [3][-]{subsubsection.7.16.1}{\376\377\0007\000.\0001\0006\000.\0001\000\040\004\024\004\065\004\102\004\060\004\073\004\114\004\075\004\070\004\071\000\040\004\076\004\077\004\070\004\101}{subsection.7.16}% 86
\BOOKMARK [3][-]{subsubsection.7.16.2}{\376\377\0007\000.\0001\0006\000.\0002\000\040\004\032\004\076\004\075\004\101\004\102\004\100\004\103\004\072\004\102\004\076\004\100\000\050\004\070\000\051}{subsection.7.16}% 87
\BOOKMARK [3][-]{subsubsection.7.16.3}{\376\377\0007\000.\0001\0006\000.\0003\000\040\004\036\004\077\004\070\004\101\000\040\004\074\004\065\004\102\004\076\004\064\004\126\004\062\000\040\004\072\004\076\004\074\004\077\004\076\004\075\004\065\004\075\004\102}{subsection.7.16}% 88
\BOOKMARK [3][-]{subsubsection.7.16.4}{\376\377\0007\000.\0001\0006\000.\0004\000\040\004\032\004\076\004\074\004\077\004\076\004\075\004\065\004\075\004\102\004\075\004\126\000\040\004\064\004\060\004\075\004\126}{subsection.7.16}% 89
\BOOKMARK [2][-]{subsection.7.17}{\376\377\0007\000.\0001\0007\000\040\004\032\004\073\004\060\004\101\000\040\000T\000e\000x\000t\000u\000r\000e}{section.7}% 90
\BOOKMARK [3][-]{subsubsection.7.17.1}{\376\377\0007\000.\0001\0007\000.\0001\000\040\004\024\004\065\004\102\004\060\004\073\004\114\004\075\004\070\004\071\000\040\004\076\004\077\004\070\004\101}{subsection.7.17}% 91
\BOOKMARK [3][-]{subsubsection.7.17.2}{\376\377\0007\000.\0001\0007\000.\0002\000\040\004\032\004\076\004\075\004\101\004\102\004\100\004\103\004\072\004\102\004\076\004\100\000\050\004\070\000\051}{subsection.7.17}% 92
\BOOKMARK [3][-]{subsubsection.7.17.3}{\376\377\0007\000.\0001\0007\000.\0003\000\040\004\036\004\077\004\070\004\101\000\040\004\074\004\065\004\102\004\076\004\064\004\126\004\062\000\040\004\072\004\076\004\074\004\077\004\076\004\075\004\065\004\075\004\102}{subsection.7.17}% 93
\BOOKMARK [2][-]{subsection.7.18}{\376\377\0007\000.\0001\0008\000\040\004\050\004\060\004\061\004\073\004\076\004\075\000\040\004\072\004\073\004\060\004\101\004\103\000\040\000O\000S\000D\000O\000:\000:\000v\000e\000c\000t\000o\000r\000<\000\040\000T\000\040\000>}{section.7}% 94
\BOOKMARK [3][-]{subsubsection.7.18.1}{\376\377\0007\000.\0001\0008\000.\0001\000\040\004\024\004\065\004\102\004\060\004\073\004\114\004\075\004\070\004\071\000\040\004\076\004\077\004\070\004\101}{subsection.7.18}% 95
\BOOKMARK [3][-]{subsubsection.7.18.2}{\376\377\0007\000.\0001\0008\000.\0002\000\040\004\032\004\076\004\075\004\101\004\102\004\100\004\103\004\072\004\102\004\076\004\100\000\050\004\070\000\051}{subsection.7.18}% 96
\BOOKMARK [3][-]{subsubsection.7.18.3}{\376\377\0007\000.\0001\0008\000.\0003\000\040\004\036\004\077\004\070\004\101\000\040\004\074\004\065\004\102\004\076\004\064\004\126\004\062\000\040\004\072\004\076\004\074\004\077\004\076\004\075\004\065\004\075\004\102}{subsection.7.18}% 97
\BOOKMARK [3][-]{subsubsection.7.18.4}{\376\377\0007\000.\0001\0008\000.\0004\000\040\004\032\004\076\004\074\004\077\004\076\004\075\004\065\004\075\004\102\004\075\004\126\000\040\004\064\004\060\004\075\004\126}{subsection.7.18}% 98
\BOOKMARK [2][-]{subsection.7.19}{\376\377\0007\000.\0001\0009\000\040\004\041\004\102\004\100\004\103\004\072\004\102\004\103\004\100\004\060\000\040\000V\000e\000r\000t\000e\000x}{section.7}% 99
\BOOKMARK [3][-]{subsubsection.7.19.1}{\376\377\0007\000.\0001\0009\000.\0001\000\040\004\024\004\065\004\102\004\060\004\073\004\114\004\075\004\070\004\071\000\040\004\076\004\077\004\070\004\101}{subsection.7.19}% 100
\BOOKMARK [3][-]{subsubsection.7.19.2}{\376\377\0007\000.\0001\0009\000.\0002\000\040\004\032\004\076\004\074\004\077\004\076\004\075\004\065\004\075\004\102\004\075\004\126\000\040\004\064\004\060\004\075\004\126}{subsection.7.19}% 101
\BOOKMARK [1][-]{section.8}{\376\377\0008\000\040\004\044\004\060\004\071\004\073\004\070}{}% 102
\BOOKMARK [2][-]{subsection.8.1}{\376\377\0008\000.\0001\000\040\004\044\004\060\004\071\004\073\000\040\000L\000I\000C\000E\000N\000S\000E\000.\000m\000d}{section.8}% 103
\BOOKMARK [2][-]{subsection.8.2}{\376\377\0008\000.\0002\000\040\004\044\004\060\004\071\004\073\000\040\000o\000s\000d\000o\000/\000b\000e\000z\000i\000a\000t\000o\000r\000.\000c\000p\000p}{section.8}% 104
\BOOKMARK [3][-]{subsubsection.8.2.1}{\376\377\0008\000.\0002\000.\0001\000\040\004\036\004\077\004\070\004\101\000\040\004\074\004\060\004\072\004\100\004\076\004\062\004\070\004\067\004\075\004\060\004\107\004\065\004\075\004\114}{subsection.8.2}% 105
\BOOKMARK [3][-]{subsubsection.8.2.2}{\376\377\0008\000.\0002\000.\0002\000\040\004\036\004\077\004\070\004\101\000\040\004\062\004\070\004\067\004\075\004\060\004\107\004\065\004\075\004\114\000\040\004\102\004\070\004\077\004\126\004\062}{subsection.8.2}% 106
\BOOKMARK [3][-]{subsubsection.8.2.3}{\376\377\0008\000.\0002\000.\0003\000\040\004\036\004\077\004\070\004\101\000\040\004\104\004\103\004\075\004\072\004\106\004\126\004\071}{subsection.8.2}% 107
\BOOKMARK [2][-]{subsection.8.3}{\376\377\0008\000.\0003\000\040\000b\000e\000z\000i\000a\000t\000o\000r\000.\000c\000p\000p}{section.8}% 108
\BOOKMARK [2][-]{subsection.8.4}{\376\377\0008\000.\0004\000\040\004\044\004\060\004\071\004\073\000\040\000o\000s\000d\000o\000/\000b\000e\000z\000i\000a\000t\000o\000r\000.\000h}{section.8}% 109
\BOOKMARK [3][-]{subsubsection.8.4.1}{\376\377\0008\000.\0004\000.\0001\000\040\004\024\004\065\004\102\004\060\004\073\004\114\004\075\004\070\004\071\000\040\004\076\004\077\004\070\004\101}{subsection.8.4}% 110
\BOOKMARK [3][-]{subsubsection.8.4.2}{\376\377\0008\000.\0004\000.\0002\000\040\004\036\004\077\004\070\004\101\000\040\004\062\004\070\004\067\004\075\004\060\004\107\004\065\004\075\004\114\000\040\004\102\004\070\004\077\004\126\004\062}{subsection.8.4}% 111
\BOOKMARK [2][-]{subsection.8.5}{\376\377\0008\000.\0005\000\040\000b\000e\000z\000i\000a\000t\000o\000r\000.\000h}{section.8}% 112
\BOOKMARK [2][-]{subsection.8.6}{\376\377\0008\000.\0006\000\040\004\044\004\060\004\071\004\073\000\040\000o\000s\000d\000o\000/\000b\000i\000j\000e\000c\000t\000i\000v\000e\000.\000h}{section.8}% 113
\BOOKMARK [3][-]{subsubsection.8.6.1}{\376\377\0008\000.\0006\000.\0001\000\040\004\024\004\065\004\102\004\060\004\073\004\114\004\075\004\070\004\071\000\040\004\076\004\077\004\070\004\101}{subsection.8.6}% 114
\BOOKMARK [2][-]{subsection.8.7}{\376\377\0008\000.\0007\000\040\000b\000i\000j\000e\000c\000t\000i\000v\000e\000.\000h}{section.8}% 115
\BOOKMARK [2][-]{subsection.8.8}{\376\377\0008\000.\0008\000\040\004\044\004\060\004\071\004\073\000\040\000o\000s\000d\000o\000/\000b\000u\000f\000f\000e\000r\000.\000c\000p\000p}{section.8}% 116
\BOOKMARK [2][-]{subsection.8.9}{\376\377\0008\000.\0009\000\040\000b\000u\000f\000f\000e\000r\000.\000c\000p\000p}{section.8}% 117
\BOOKMARK [2][-]{subsection.8.10}{\376\377\0008\000.\0001\0000\000\040\004\044\004\060\004\071\004\073\000\040\000o\000s\000d\000o\000/\000b\000u\000f\000f\000e\000r\000.\000h}{section.8}% 118
\BOOKMARK [3][-]{subsubsection.8.10.1}{\376\377\0008\000.\0001\0000\000.\0001\000\040\004\024\004\065\004\102\004\060\004\073\004\114\004\075\004\070\004\071\000\040\004\076\004\077\004\070\004\101}{subsection.8.10}% 119
\BOOKMARK [2][-]{subsection.8.11}{\376\377\0008\000.\0001\0001\000\040\000b\000u\000f\000f\000e\000r\000.\000h}{section.8}% 120
\BOOKMARK [2][-]{subsection.8.12}{\376\377\0008\000.\0001\0002\000\040\004\044\004\060\004\071\004\073\000\040\000o\000s\000d\000o\000/\000c\000a\000m\000e\000r\000a\000.\000c\000p\000p}{section.8}% 121
\BOOKMARK [3][-]{subsubsection.8.12.1}{\376\377\0008\000.\0001\0002\000.\0001\000\040\004\036\004\077\004\070\004\101\000\040\004\067\004\074\004\126\004\075\004\075\004\070\004\105}{subsection.8.12}% 122
\BOOKMARK [2][-]{subsection.8.13}{\376\377\0008\000.\0001\0003\000\040\000c\000a\000m\000e\000r\000a\000.\000c\000p\000p}{section.8}% 123
\BOOKMARK [2][-]{subsection.8.14}{\376\377\0008\000.\0001\0004\000\040\004\044\004\060\004\071\004\073\000\040\000o\000s\000d\000o\000/\000c\000a\000m\000e\000r\000a\000.\000h}{section.8}% 124
\BOOKMARK [3][-]{subsubsection.8.14.1}{\376\377\0008\000.\0001\0004\000.\0001\000\040\004\024\004\065\004\102\004\060\004\073\004\114\004\075\004\070\004\071\000\040\004\076\004\077\004\070\004\101}{subsection.8.14}% 125
\BOOKMARK [3][-]{subsubsection.8.14.2}{\376\377\0008\000.\0001\0004\000.\0002\000\040\004\036\004\077\004\070\004\101\000\040\004\074\004\060\004\072\004\100\004\076\004\062\004\070\004\067\004\075\004\060\004\107\004\065\004\075\004\114}{subsection.8.14}% 126
\BOOKMARK [2][-]{subsection.8.15}{\376\377\0008\000.\0001\0005\000\040\000c\000a\000m\000e\000r\000a\000.\000h}{section.8}% 127
\BOOKMARK [2][-]{subsection.8.16}{\376\377\0008\000.\0001\0006\000\040\004\044\004\060\004\071\004\073\000\040\000o\000s\000d\000o\000/\000c\000o\000n\000f\000.\000h}{section.8}% 128
\BOOKMARK [3][-]{subsubsection.8.16.1}{\376\377\0008\000.\0001\0006\000.\0001\000\040\004\024\004\065\004\102\004\060\004\073\004\114\004\075\004\070\004\071\000\040\004\076\004\077\004\070\004\101}{subsection.8.16}% 129
\BOOKMARK [3][-]{subsubsection.8.16.2}{\376\377\0008\000.\0001\0006\000.\0002\000\040\004\036\004\077\004\070\004\101\000\040\004\074\004\060\004\072\004\100\004\076\004\062\004\070\004\067\004\075\004\060\004\107\004\065\004\075\004\114}{subsection.8.16}% 130
\BOOKMARK [2][-]{subsection.8.17}{\376\377\0008\000.\0001\0007\000\040\000c\000o\000n\000f\000.\000h}{section.8}% 131
\BOOKMARK [2][-]{subsection.8.18}{\376\377\0008\000.\0001\0008\000\040\004\044\004\060\004\071\004\073\000\040\000o\000s\000d\000o\000/\000c\000o\000n\000t\000e\000x\000t\000.\000c\000p\000p}{section.8}% 132
\BOOKMARK [2][-]{subsection.8.19}{\376\377\0008\000.\0001\0009\000\040\000c\000o\000n\000t\000e\000x\000t\000.\000c\000p\000p}{section.8}% 133
\BOOKMARK [2][-]{subsection.8.20}{\376\377\0008\000.\0002\0000\000\040\004\044\004\060\004\071\004\073\000\040\000o\000s\000d\000o\000/\000c\000o\000n\000t\000e\000x\000t\000.\000h}{section.8}% 134
\BOOKMARK [3][-]{subsubsection.8.20.1}{\376\377\0008\000.\0002\0000\000.\0001\000\040\004\024\004\065\004\102\004\060\004\073\004\114\004\075\004\070\004\071\000\040\004\076\004\077\004\070\004\101}{subsection.8.20}% 135
\BOOKMARK [2][-]{subsection.8.21}{\376\377\0008\000.\0002\0001\000\040\000c\000o\000n\000t\000e\000x\000t\000.\000h}{section.8}% 136
\BOOKMARK [2][-]{subsection.8.22}{\376\377\0008\000.\0002\0002\000\040\004\044\004\060\004\071\004\073\000\040\000o\000s\000d\000o\000/\000e\000a\000s\000y\000v\000e\000c\000t\000o\000r\000.\000h}{section.8}% 137
\BOOKMARK [3][-]{subsubsection.8.22.1}{\376\377\0008\000.\0002\0002\000.\0001\000\040\004\024\004\065\004\102\004\060\004\073\004\114\004\075\004\070\004\071\000\040\004\076\004\077\004\070\004\101}{subsection.8.22}% 138
\BOOKMARK [2][-]{subsection.8.23}{\376\377\0008\000.\0002\0003\000\040\000e\000a\000s\000y\000v\000e\000c\000t\000o\000r\000.\000h}{section.8}% 139
\BOOKMARK [2][-]{subsection.8.24}{\376\377\0008\000.\0002\0004\000\040\004\044\004\060\004\071\004\073\000\040\000o\000s\000d\000o\000/\000f\000r\000a\000m\000e\000b\000u\000f\000f\000e\000r\000.\000c\000p\000p}{section.8}% 140
\BOOKMARK [2][-]{subsection.8.25}{\376\377\0008\000.\0002\0005\000\040\000f\000r\000a\000m\000e\000b\000u\000f\000f\000e\000r\000.\000c\000p\000p}{section.8}% 141
\BOOKMARK [2][-]{subsection.8.26}{\376\377\0008\000.\0002\0006\000\040\004\044\004\060\004\071\004\073\000\040\000o\000s\000d\000o\000/\000f\000r\000a\000m\000e\000b\000u\000f\000f\000e\000r\000.\000h}{section.8}% 142
\BOOKMARK [3][-]{subsubsection.8.26.1}{\376\377\0008\000.\0002\0006\000.\0001\000\040\004\024\004\065\004\102\004\060\004\073\004\114\004\075\004\070\004\071\000\040\004\076\004\077\004\070\004\101}{subsection.8.26}% 143
\BOOKMARK [2][-]{subsection.8.27}{\376\377\0008\000.\0002\0007\000\040\000f\000r\000a\000m\000e\000b\000u\000f\000f\000e\000r\000.\000h}{section.8}% 144
\BOOKMARK [2][-]{subsection.8.28}{\376\377\0008\000.\0002\0008\000\040\004\044\004\060\004\071\004\073\000\040\000o\000s\000d\000o\000/\000g\000l\000b\000i\000n\000d\000a\000b\000l\000e\000.\000c\000p\000p}{section.8}% 145
\BOOKMARK [2][-]{subsection.8.29}{\376\377\0008\000.\0002\0009\000\040\000g\000l\000b\000i\000n\000d\000a\000b\000l\000e\000.\000c\000p\000p}{section.8}% 146
\BOOKMARK [2][-]{subsection.8.30}{\376\377\0008\000.\0003\0000\000\040\004\044\004\060\004\071\004\073\000\040\000o\000s\000d\000o\000/\000g\000l\000b\000i\000n\000d\000a\000b\000l\000e\000.\000h}{section.8}% 147
\BOOKMARK [3][-]{subsubsection.8.30.1}{\376\377\0008\000.\0003\0000\000.\0001\000\040\004\024\004\065\004\102\004\060\004\073\004\114\004\075\004\070\004\071\000\040\004\076\004\077\004\070\004\101}{subsection.8.30}% 148
\BOOKMARK [2][-]{subsection.8.31}{\376\377\0008\000.\0003\0001\000\040\000g\000l\000b\000i\000n\000d\000a\000b\000l\000e\000.\000h}{section.8}% 149
\BOOKMARK [2][-]{subsection.8.32}{\376\377\0008\000.\0003\0002\000\040\004\044\004\060\004\071\004\073\000\040\000o\000s\000d\000o\000/\000g\000l\000b\000i\000n\000d\000e\000r\000.\000c\000p\000p}{section.8}% 150
\BOOKMARK [2][-]{subsection.8.33}{\376\377\0008\000.\0003\0003\000\040\000g\000l\000b\000i\000n\000d\000e\000r\000.\000c\000p\000p}{section.8}% 151
\BOOKMARK [2][-]{subsection.8.34}{\376\377\0008\000.\0003\0004\000\040\004\044\004\060\004\071\004\073\000\040\000o\000s\000d\000o\000/\000g\000l\000b\000i\000n\000d\000e\000r\000.\000h}{section.8}% 152
\BOOKMARK [3][-]{subsubsection.8.34.1}{\376\377\0008\000.\0003\0004\000.\0001\000\040\004\024\004\065\004\102\004\060\004\073\004\114\004\075\004\070\004\071\000\040\004\076\004\077\004\070\004\101}{subsection.8.34}% 153
\BOOKMARK [2][-]{subsection.8.35}{\376\377\0008\000.\0003\0005\000\040\000g\000l\000b\000i\000n\000d\000e\000r\000.\000h}{section.8}% 154
\BOOKMARK [2][-]{subsection.8.36}{\376\377\0008\000.\0003\0006\000\040\004\044\004\060\004\071\004\073\000\040\000o\000s\000d\000o\000/\000i\000m\000a\000g\000e\000.\000c\000p\000p}{section.8}% 155
\BOOKMARK [3][-]{subsubsection.8.36.1}{\376\377\0008\000.\0003\0006\000.\0001\000\040\004\036\004\077\004\070\004\101\000\040\004\074\004\060\004\072\004\100\004\076\004\062\004\070\004\067\004\075\004\060\004\107\004\065\004\075\004\114}{subsection.8.36}% 156
\BOOKMARK [2][-]{subsection.8.37}{\376\377\0008\000.\0003\0007\000\040\000i\000m\000a\000g\000e\000.\000c\000p\000p}{section.8}% 157
\BOOKMARK [2][-]{subsection.8.38}{\376\377\0008\000.\0003\0008\000\040\004\044\004\060\004\071\004\073\000\040\000o\000s\000d\000o\000/\000i\000m\000a\000g\000e\000.\000h}{section.8}% 158
\BOOKMARK [3][-]{subsubsection.8.38.1}{\376\377\0008\000.\0003\0008\000.\0001\000\040\004\024\004\065\004\102\004\060\004\073\004\114\004\075\004\070\004\071\000\040\004\076\004\077\004\070\004\101}{subsection.8.38}% 159
\BOOKMARK [3][-]{subsubsection.8.38.2}{\376\377\0008\000.\0003\0008\000.\0002\000\040\004\036\004\077\004\070\004\101\000\040\004\074\004\060\004\072\004\100\004\076\004\062\004\070\004\067\004\075\004\060\004\107\004\065\004\075\004\114}{subsection.8.38}% 160
\BOOKMARK [3][-]{subsubsection.8.38.3}{\376\377\0008\000.\0003\0008\000.\0003\000\040\004\036\004\077\004\070\004\101\000\040\004\062\004\070\004\067\004\075\004\060\004\107\004\065\004\075\004\114\000\040\004\102\004\070\004\077\004\126\004\062}{subsection.8.38}% 161
\BOOKMARK [2][-]{subsection.8.39}{\376\377\0008\000.\0003\0009\000\040\000i\000m\000a\000g\000e\000.\000h}{section.8}% 162
\BOOKMARK [2][-]{subsection.8.40}{\376\377\0008\000.\0004\0000\000\040\004\044\004\060\004\071\004\073\000\040\000o\000s\000d\000o\000/\000m\000e\000s\000h\000.\000c\000p\000p}{section.8}% 163
\BOOKMARK [2][-]{subsection.8.41}{\376\377\0008\000.\0004\0001\000\040\000m\000e\000s\000h\000.\000c\000p\000p}{section.8}% 164
\BOOKMARK [2][-]{subsection.8.42}{\376\377\0008\000.\0004\0002\000\040\004\044\004\060\004\071\004\073\000\040\000o\000s\000d\000o\000/\000m\000e\000s\000h\000.\000h}{section.8}% 165
\BOOKMARK [3][-]{subsubsection.8.42.1}{\376\377\0008\000.\0004\0002\000.\0001\000\040\004\024\004\065\004\102\004\060\004\073\004\114\004\075\004\070\004\071\000\040\004\076\004\077\004\070\004\101}{subsection.8.42}% 166
\BOOKMARK [2][-]{subsection.8.43}{\376\377\0008\000.\0004\0003\000\040\000m\000e\000s\000h\000.\000h}{section.8}% 167
\BOOKMARK [2][-]{subsection.8.44}{\376\377\0008\000.\0004\0004\000\040\004\044\004\060\004\071\004\073\000\040\000o\000s\000d\000o\000/\000m\000o\000d\000e\000l\000.\000c\000p\000p}{section.8}% 168
\BOOKMARK [2][-]{subsection.8.45}{\376\377\0008\000.\0004\0005\000\040\000m\000o\000d\000e\000l\000.\000c\000p\000p}{section.8}% 169
\BOOKMARK [2][-]{subsection.8.46}{\376\377\0008\000.\0004\0006\000\040\004\044\004\060\004\071\004\073\000\040\000o\000s\000d\000o\000/\000m\000o\000d\000e\000l\000.\000h}{section.8}% 170
\BOOKMARK [3][-]{subsubsection.8.46.1}{\376\377\0008\000.\0004\0006\000.\0001\000\040\004\024\004\065\004\102\004\060\004\073\004\114\004\075\004\070\004\071\000\040\004\076\004\077\004\070\004\101}{subsection.8.46}% 171
\BOOKMARK [2][-]{subsection.8.47}{\376\377\0008\000.\0004\0007\000\040\000m\000o\000d\000e\000l\000.\000h}{section.8}% 172
\BOOKMARK [2][-]{subsection.8.48}{\376\377\0008\000.\0004\0008\000\040\004\044\004\060\004\071\004\073\000\040\000o\000s\000d\000o\000/\000o\000b\000j\000e\000c\000t\000.\000c\000p\000p}{section.8}% 173
\BOOKMARK [2][-]{subsection.8.49}{\376\377\0008\000.\0004\0009\000\040\000o\000b\000j\000e\000c\000t\000.\000c\000p\000p}{section.8}% 174
\BOOKMARK [2][-]{subsection.8.50}{\376\377\0008\000.\0005\0000\000\040\004\044\004\060\004\071\004\073\000\040\000o\000s\000d\000o\000/\000o\000b\000j\000e\000c\000t\000.\000h}{section.8}% 175
\BOOKMARK [3][-]{subsubsection.8.50.1}{\376\377\0008\000.\0005\0000\000.\0001\000\040\004\024\004\065\004\102\004\060\004\073\004\114\004\075\004\070\004\071\000\040\004\076\004\077\004\070\004\101}{subsection.8.50}% 176
\BOOKMARK [2][-]{subsection.8.51}{\376\377\0008\000.\0005\0001\000\040\000o\000b\000j\000e\000c\000t\000.\000h}{section.8}% 177
\BOOKMARK [2][-]{subsection.8.52}{\376\377\0008\000.\0005\0002\000\040\004\044\004\060\004\071\004\073\000\040\000o\000s\000d\000o\000/\000o\000s\000d\000o\000.\000c\000p\000p}{section.8}% 178
\BOOKMARK [3][-]{subsubsection.8.52.1}{\376\377\0008\000.\0005\0002\000.\0001\000\040\004\036\004\077\004\070\004\101\000\040\004\104\004\103\004\075\004\072\004\106\004\126\004\071}{subsection.8.52}% 179
\BOOKMARK [3][-]{subsubsection.8.52.2}{\376\377\0008\000.\0005\0002\000.\0002\000\040\004\036\004\077\004\070\004\101\000\040\004\067\004\074\004\126\004\075\004\075\004\070\004\105}{subsection.8.52}% 180
\BOOKMARK [2][-]{subsection.8.53}{\376\377\0008\000.\0005\0003\000\040\000o\000s\000d\000o\000.\000c\000p\000p}{section.8}% 181
\BOOKMARK [2][-]{subsection.8.54}{\376\377\0008\000.\0005\0004\000\040\004\044\004\060\004\071\004\073\000\040\000o\000s\000d\000o\000/\000o\000s\000d\000o\000.\000h}{section.8}% 182
\BOOKMARK [3][-]{subsubsection.8.54.1}{\376\377\0008\000.\0005\0004\000.\0001\000\040\004\036\004\077\004\070\004\101\000\040\004\074\004\060\004\072\004\100\004\076\004\062\004\070\004\067\004\075\004\060\004\107\004\065\004\075\004\114}{subsection.8.54}% 183
\BOOKMARK [3][-]{subsubsection.8.54.2}{\376\377\0008\000.\0005\0004\000.\0002\000\040\004\036\004\077\004\070\004\101\000\040\004\077\004\065\004\100\004\065\004\073\004\126\004\072\004\126\004\062}{subsection.8.54}% 184
\BOOKMARK [3][-]{subsubsection.8.54.3}{\376\377\0008\000.\0005\0004\000.\0003\000\040\004\036\004\077\004\070\004\101\000\040\004\104\004\103\004\075\004\072\004\106\004\126\004\071}{subsection.8.54}% 185
\BOOKMARK [3][-]{subsubsection.8.54.4}{\376\377\0008\000.\0005\0004\000.\0004\000\040\004\036\004\077\004\070\004\101\000\040\004\067\004\074\004\126\004\075\004\075\004\070\004\105}{subsection.8.54}% 186
\BOOKMARK [2][-]{subsection.8.55}{\376\377\0008\000.\0005\0005\000\040\000o\000s\000d\000o\000.\000h}{section.8}% 187
\BOOKMARK [2][-]{subsection.8.56}{\376\377\0008\000.\0005\0006\000\040\004\044\004\060\004\071\004\073\000\040\000o\000s\000d\000o\000/\000r\000e\000n\000d\000e\000r\000b\000u\000f\000f\000e\000r\000.\000c\000p\000p}{section.8}% 188
\BOOKMARK [2][-]{subsection.8.57}{\376\377\0008\000.\0005\0007\000\040\000r\000e\000n\000d\000e\000r\000b\000u\000f\000f\000e\000r\000.\000c\000p\000p}{section.8}% 189
\BOOKMARK [2][-]{subsection.8.58}{\376\377\0008\000.\0005\0008\000\040\004\044\004\060\004\071\004\073\000\040\000o\000s\000d\000o\000/\000r\000e\000n\000d\000e\000r\000b\000u\000f\000f\000e\000r\000.\000h}{section.8}% 190
\BOOKMARK [3][-]{subsubsection.8.58.1}{\376\377\0008\000.\0005\0008\000.\0001\000\040\004\024\004\065\004\102\004\060\004\073\004\114\004\075\004\070\004\071\000\040\004\076\004\077\004\070\004\101}{subsection.8.58}% 191
\BOOKMARK [2][-]{subsection.8.59}{\376\377\0008\000.\0005\0009\000\040\000r\000e\000n\000d\000e\000r\000b\000u\000f\000f\000e\000r\000.\000h}{section.8}% 192
\BOOKMARK [2][-]{subsection.8.60}{\376\377\0008\000.\0006\0000\000\040\004\044\004\060\004\071\004\073\000\040\000o\000s\000d\000o\000/\000s\000c\000e\000n\000e\000.\000c\000p\000p}{section.8}% 193
\BOOKMARK [2][-]{subsection.8.61}{\376\377\0008\000.\0006\0001\000\040\000s\000c\000e\000n\000e\000.\000c\000p\000p}{section.8}% 194
\BOOKMARK [2][-]{subsection.8.62}{\376\377\0008\000.\0006\0002\000\040\004\044\004\060\004\071\004\073\000\040\000o\000s\000d\000o\000/\000s\000c\000e\000n\000e\000.\000h}{section.8}% 195
\BOOKMARK [3][-]{subsubsection.8.62.1}{\376\377\0008\000.\0006\0002\000.\0001\000\040\004\024\004\065\004\102\004\060\004\073\004\114\004\075\004\070\004\071\000\040\004\076\004\077\004\070\004\101}{subsection.8.62}% 196
\BOOKMARK [2][-]{subsection.8.63}{\376\377\0008\000.\0006\0003\000\040\000s\000c\000e\000n\000e\000.\000h}{section.8}% 197
\BOOKMARK [2][-]{subsection.8.64}{\376\377\0008\000.\0006\0004\000\040\004\044\004\060\004\071\004\073\000\040\000o\000s\000d\000o\000/\000s\000h\000a\000d\000e\000r\000.\000c\000p\000p}{section.8}% 198
\BOOKMARK [3][-]{subsubsection.8.64.1}{\376\377\0008\000.\0006\0004\000.\0001\000\040\004\036\004\077\004\070\004\101\000\040\004\104\004\103\004\075\004\072\004\106\004\126\004\071}{subsection.8.64}% 199
\BOOKMARK [2][-]{subsection.8.65}{\376\377\0008\000.\0006\0005\000\040\000s\000h\000a\000d\000e\000r\000.\000c\000p\000p}{section.8}% 200
\BOOKMARK [2][-]{subsection.8.66}{\376\377\0008\000.\0006\0006\000\040\004\044\004\060\004\071\004\073\000\040\000o\000s\000d\000o\000/\000s\000h\000a\000d\000e\000r\000.\000h}{section.8}% 201
\BOOKMARK [3][-]{subsubsection.8.66.1}{\376\377\0008\000.\0006\0006\000.\0001\000\040\004\024\004\065\004\102\004\060\004\073\004\114\004\075\004\070\004\071\000\040\004\076\004\077\004\070\004\101}{subsection.8.66}% 202
\BOOKMARK [3][-]{subsubsection.8.66.2}{\376\377\0008\000.\0006\0006\000.\0002\000\040\004\036\004\077\004\070\004\101\000\040\004\077\004\065\004\100\004\065\004\073\004\126\004\072\004\126\004\062}{subsection.8.66}% 203
\BOOKMARK [2][-]{subsection.8.67}{\376\377\0008\000.\0006\0007\000\040\000s\000h\000a\000d\000e\000r\000.\000h}{section.8}% 204
\BOOKMARK [2][-]{subsection.8.68}{\376\377\0008\000.\0006\0008\000\040\004\044\004\060\004\071\004\073\000\040\000o\000s\000d\000o\000/\000t\000e\000x\000t\000u\000r\000e\000.\000c\000p\000p}{section.8}% 205
\BOOKMARK [3][-]{subsubsection.8.68.1}{\376\377\0008\000.\0006\0008\000.\0001\000\040\004\036\004\077\004\070\004\101\000\040\004\104\004\103\004\075\004\072\004\106\004\126\004\071}{subsection.8.68}% 206
\BOOKMARK [2][-]{subsection.8.69}{\376\377\0008\000.\0006\0009\000\040\000t\000e\000x\000t\000u\000r\000e\000.\000c\000p\000p}{section.8}% 207
\BOOKMARK [2][-]{subsection.8.70}{\376\377\0008\000.\0007\0000\000\040\004\044\004\060\004\071\004\073\000\040\000o\000s\000d\000o\000/\000t\000e\000x\000t\000u\000r\000e\000.\000h}{section.8}% 208
\BOOKMARK [3][-]{subsubsection.8.70.1}{\376\377\0008\000.\0007\0000\000.\0001\000\040\004\024\004\065\004\102\004\060\004\073\004\114\004\075\004\070\004\071\000\040\004\076\004\077\004\070\004\101}{subsection.8.70}% 209
\BOOKMARK [2][-]{subsection.8.71}{\376\377\0008\000.\0007\0001\000\040\000t\000e\000x\000t\000u\000r\000e\000.\000h}{section.8}% 210
\BOOKMARK [2][-]{subsection.8.72}{\376\377\0008\000.\0007\0002\000\040\004\044\004\060\004\071\004\073\000\040\000o\000s\000d\000o\000/\000v\000e\000r\000t\000e\000x\000.\000h}{section.8}% 211
\BOOKMARK [3][-]{subsubsection.8.72.1}{\376\377\0008\000.\0007\0002\000.\0001\000\040\004\024\004\065\004\102\004\060\004\073\004\114\004\075\004\070\004\071\000\040\004\076\004\077\004\070\004\101}{subsection.8.72}% 212
\BOOKMARK [2][-]{subsection.8.73}{\376\377\0008\000.\0007\0003\000\040\000v\000e\000r\000t\000e\000x\000.\000h}{section.8}% 213
\BOOKMARK [2][-]{subsection.8.74}{\376\377\0008\000.\0007\0004\000\040\004\044\004\060\004\071\004\073\000\040\000r\000e\000s\000/\000b\000e\000z\000i\000e\000r\000.\000f\000r\000a\000g}{section.8}% 214
\BOOKMARK [2][-]{subsection.8.75}{\376\377\0008\000.\0007\0005\000\040\000b\000e\000z\000i\000e\000r\000.\000f\000r\000a\000g}{section.8}% 215
\BOOKMARK [2][-]{subsection.8.76}{\376\377\0008\000.\0007\0006\000\040\004\044\004\060\004\071\004\073\000\040\000r\000e\000s\000/\000b\000e\000z\000i\000e\000r\000.\000g\000e\000o\000m}{section.8}% 216
\BOOKMARK [2][-]{subsection.8.77}{\376\377\0008\000.\0007\0007\000\040\000b\000e\000z\000i\000e\000r\000.\000g\000e\000o\000m}{section.8}% 217
\BOOKMARK [2][-]{subsection.8.78}{\376\377\0008\000.\0007\0008\000\040\004\044\004\060\004\071\004\073\000\040\000r\000e\000s\000/\000b\000e\000z\000i\000e\000r\000.\000t\000e\000s\000c}{section.8}% 218
\BOOKMARK [2][-]{subsection.8.79}{\376\377\0008\000.\0007\0009\000\040\000b\000e\000z\000i\000e\000r\000.\000t\000e\000s\000c}{section.8}% 219
\BOOKMARK [2][-]{subsection.8.80}{\376\377\0008\000.\0008\0000\000\040\004\044\004\060\004\071\004\073\000\040\000r\000e\000s\000/\000b\000e\000z\000i\000e\000r\000.\000t\000e\000s\000e}{section.8}% 220
\BOOKMARK [2][-]{subsection.8.81}{\376\377\0008\000.\0008\0001\000\040\000b\000e\000z\000i\000e\000r\000.\000t\000e\000s\000e}{section.8}% 221
\BOOKMARK [2][-]{subsection.8.82}{\376\377\0008\000.\0008\0002\000\040\004\044\004\060\004\071\004\073\000\040\000r\000e\000s\000/\000b\000e\000z\000i\000e\000r\000.\000v\000e\000r\000t}{section.8}% 222
\BOOKMARK [2][-]{subsection.8.83}{\376\377\0008\000.\0008\0003\000\040\000b\000e\000z\000i\000e\000r\000.\000v\000e\000r\000t}{section.8}% 223
