\BOOKMARK [1][-]{Doc-Start}{\376\377\004\022\004\041\004\042\004\043\004\037}{}% 1
\BOOKMARK [1][-]{Doc-Start}{\376\377\004\037\004\036\004\041\004\042\004\020\004\035\004\036\004\022\004\032\004\020\000\040\004\027\004\020\004\024\004\020\004\047\004\006}{}% 2
\BOOKMARK [1][-]{section.1}{\376\377\004\020\004\075\004\060\004\073\004\126\004\102\004\070\004\107\004\075\004\070\004\071\000\040\004\076\004\063\004\073\004\117\004\064\000\040\004\073\004\126\004\102\004\065\004\100\004\060\004\102\004\103\004\100\004\075\004\070\004\105\000\040\004\064\004\066\004\065\004\100\004\065\004\073}{}% 3
\BOOKMARK [2][-]{subsection.1.1}{\376\377\004\034\004\076\004\064\004\065\004\073\004\126\000\040\004\077\004\076\004\064\004\060\004\075\004\075\004\117\000\040\004\077\004\100\004\076\004\101\004\102\004\076\004\100\004\076\004\062\004\070\004\105\000\040\004\076\004\061\000'\004\124\004\072\004\102\004\126\004\062}{section.1}% 4
\BOOKMARK [3][-]{subsubsection.1.1.1}{\376\377\004\034\004\060\004\102\004\065\004\074\004\060\004\102\004\070\004\107\004\075\004\070\004\071\000\040\004\076\004\077\004\070\004\101\000\040\004\074\004\076\004\064\004\065\004\073\004\065\004\071\000\040\004\077\004\076\004\062\004\065\004\100\004\105\004\076\004\075\004\114\000\040\004\102\004\060\000\040\004\076\004\061\040\031\004\124\004\072\004\102\004\126\004\062}{subsection.1.1}% 5
\BOOKMARK [3][-]{subsubsection.1.1.2}{\376\377\004\036\004\077\004\070\004\101\000\040\004\100\004\076\004\067\004\102\004\060\004\110\004\103\004\062\004\060\004\075\004\075\004\117\000\040\004\076\004\061\000'\004\124\004\072\004\102\004\126\004\062\000\040\004\103\000\040\004\101\004\106\004\065\004\075\004\126}{subsection.1.1}% 6
\BOOKMARK [2][-]{subsection.1.2}{\376\377\004\021\004\126\004\061\004\073\004\126\004\076\004\102\004\065\004\072\004\060\000\040\000V\000i\000s\000u\000a\000l\000i\000z\000a\000t\000i\000o\000n\000\040\000L\000i\000b\000r\000a\000r\000y}{section.1}% 7
\BOOKMARK [1][-]{section.2}{\376\377\004\024\004\076\004\101\004\073\004\126\004\064\004\066\004\065\004\075\004\075\004\117\000\040\004\074\004\060\004\102\004\065\004\074\004\060\004\102\004\070\004\107\004\075\004\070\004\105\000\040\004\074\004\076\004\064\004\065\004\073\004\065\004\071\000\040\004\101\004\072\004\073\004\060\004\064\004\075\004\070\004\105\000\040\004\076\004\061\000'\004\124\004\072\004\102\004\126\004\062}{}% 8
\BOOKMARK [2][-]{subsection.2.1}{\376\377\004\041\004\077\004\073\004\060\004\071\004\075\004\070\000\040\004\126\000\040\004\101\004\077\004\073\004\060\004\071\004\075\000-\004\126\004\075\004\102\004\065\004\100\004\077\004\076\004\073\004\117\004\106\004\126\004\117}{section.2}% 9
\BOOKMARK [3][-]{subsubsection.2.1.1}{\376\377\004\032\004\100\004\070\004\062\004\060\000\040\004\021\004\065\004\067\004\114\004\124}{subsection.2.1}% 10
\BOOKMARK [3][-]{subsubsection.2.1.2}{\376\377\004\037\004\076\004\062\004\065\004\100\004\105\004\075\004\117\000\040\004\021\004\065\004\067\004\114\004\124}{subsection.2.1}% 11
\BOOKMARK [1][-]{section.3}{\376\377\004\040\004\076\004\067\004\100\004\076\004\061\004\072\004\060\000\040\004\077\004\100\004\076\004\063\004\100\004\060\004\074\004\070\000\040\004\064\004\073\004\117\000\040\004\074\004\076\004\064\004\065\004\073\004\116\004\062\004\060\004\075\004\075\004\117\000\040\004\076\004\061\000'\004\124\004\072\004\102\004\126\004\062}{}% 12
\BOOKMARK [2][-]{subsection.3.1}{\376\377\004\022\004\070\004\074\004\076\004\063\004\070\000\040\004\064\004\076\000\040\004\100\004\076\004\067\004\100\004\076\004\061\004\073\004\065\004\075\004\076\004\063\004\076\000\040\004\077\004\100\004\076\004\063\004\100\004\060\004\074\004\075\004\076\004\063\004\076\000\040\004\067\004\060\004\061\004\065\004\067\004\077\004\065\004\107\004\065\004\075\004\075\004\117}{section.3}% 13
\BOOKMARK [2][-]{subsection.3.2}{\376\377\004\036\004\077\004\070\004\101\000\040\004\077\004\100\004\076\004\063\004\100\004\060\004\074\004\075\004\076\004\063\004\076\000\040\004\067\004\060\004\061\004\065\004\067\004\077\004\065\004\107\004\065\004\075\004\075\004\117}{section.3}% 14
\BOOKMARK [2][-]{subsection.3.3}{\376\377\004\036\004\063\004\073\004\117\004\064\000\040\004\100\004\076\004\061\004\076\004\102\004\070\000\040\004\077\004\100\004\076\004\063\004\100\004\060\004\074\004\070}{section.3}% 15
\BOOKMARK [1][-]{section.4}{\376\377\004\020\004\075\004\060\004\073\004\126\004\067\000\040\004\100\004\076\004\067\004\100\004\076\004\061\004\073\004\065\004\075\004\076\004\127\000\040\004\077\004\100\004\076\004\063\004\100\004\060\004\074\004\070\000\040\004\064\004\073\004\117\000\040\004\074\004\076\004\064\004\065\004\073\004\116\004\062\004\060\004\075\004\075\004\117\000\040\004\076\004\061\000'\004\124\004\072\004\102\004\126\004\062}{}% 16
\BOOKMARK [2][-]{subsection.4.1}{\376\377\004\032\004\073\004\060\004\101\000\040\000B\000e\000z\000i\000a\000t\000o\000r}{section.4}% 17
\BOOKMARK [2][-]{subsection.4.2}{\376\377\004\032\004\073\004\060\004\101\000\040\000B\000i\000j\000e\000c\000t\000i\000v\000e}{section.4}% 18
\BOOKMARK [2][-]{subsection.4.3}{\376\377\004\032\004\073\004\060\004\101\000\040\000M\000o\000d\000e\000l}{section.4}% 19
\BOOKMARK [2][-]{subsection.4.4}{\376\377\004\041\004\102\004\100\004\103\004\072\004\102\004\103\004\100\004\060\000\040\000C\000o\000n\000t\000e\000x\000t}{section.4}% 20
\BOOKMARK [2][-]{subsection.4.5}{\376\377\004\041\004\102\004\100\004\103\004\072\004\102\004\103\004\100\004\060\000\040\000S\000c\000e\000n\000e}{section.4}% 21
\BOOKMARK [2][-]{subsection.4.6}{\376\377\004\041\004\102\004\100\004\103\004\072\004\102\004\103\004\100\004\060\000\040\000V\000e\000r\000t\000e\000x}{section.4}% 22
\BOOKMARK [2][-]{subsection.4.7}{\376\377\004\044\004\060\004\071\004\073\000\040\000o\000s\000d\000o\000/\000b\000e\000z\000i\000a\000t\000o\000r\000.\000h}{section.4}% 23
\BOOKMARK [2][-]{subsection.4.8}{\376\377\004\044\004\060\004\071\004\073\000\040\000o\000s\000d\000o\000/\000b\000i\000j\000e\000c\000t\000i\000v\000e\000.\000h}{section.4}% 24
\BOOKMARK [2][-]{subsection.4.9}{\376\377\004\044\004\060\004\071\004\073\000\040\000o\000s\000d\000o\000/\000c\000o\000n\000t\000e\000x\000t\000.\000h}{section.4}% 25
\BOOKMARK [2][-]{subsection.4.10}{\376\377\004\044\004\060\004\071\004\073\000\040\000o\000s\000d\000o\000/\000c\000o\000n\000t\000e\000x\000t\000.\000c\000p\000p}{section.4}% 26
\BOOKMARK [2][-]{subsection.4.11}{\376\377\004\044\004\060\004\071\004\073\000\040\000o\000s\000d\000o\000/\000s\000c\000e\000n\000e\000.\000h}{section.4}% 27
\BOOKMARK [2][-]{subsection.4.12}{\376\377\004\044\004\060\004\071\004\073\000\040\000o\000s\000d\000o\000/\000s\000c\000e\000n\000e\000.\000c\000p\000p}{section.4}% 28
\BOOKMARK [2][-]{subsection.4.13}{\376\377\004\044\004\060\004\071\004\073\000\040\000o\000s\000d\000o\000/\000m\000o\000d\000e\000l\000.\000h}{section.4}% 29
\BOOKMARK [2][-]{subsection.4.14}{\376\377\004\044\004\060\004\071\004\073\000\040\000o\000s\000d\000o\000/\000m\000o\000d\000e\000l\000.\000c\000p\000p}{section.4}% 30
\BOOKMARK [2][-]{subsection.4.15}{\376\377\004\044\004\060\004\071\004\073\000\040\000o\000s\000d\000o\000/\000v\000e\000r\000t\000e\000x\000.\000h}{section.4}% 31
\BOOKMARK [1][-]{paragraph*.119}{\376\377\004\022\004\030\004\041\004\035\004\036\004\022\004\032\004\030}{}% 32
\BOOKMARK [1][-]{paragraph*.119}{\376\377\004\041\004\037\004\030\004\041\004\036\004\032\000\040\004\022\004\030\004\032\004\036\004\040\004\030\004\041\004\042\004\020\004\035\004\036\004\007\000\040\004\033\004\006\004\042\004\025\004\040\004\020\004\042\004\043\004\040\004\030}{}% 33
\BOOKMARK [1][-]{rtaskno.1}{\376\377\004\024\004\076\004\064\004\060\004\102\004\076\004\072}{}% 34
