\BOOKMARK [1][-]{Doc-Start}{\376\377\004\022\004\041\004\042\004\043\004\037}{}% 1
\BOOKMARK [1][-]{Doc-Start}{\376\377\004\037\004\036\004\041\004\042\004\020\004\035\004\036\004\022\004\032\004\020\000\040\004\027\004\020\004\024\004\020\004\047\004\006}{}% 2
\BOOKMARK [1][-]{section.1}{\376\377\004\020\004\075\004\060\004\073\004\126\004\102\004\070\004\107\004\075\004\070\004\071\000\040\004\076\004\063\004\073\004\117\004\064\000\040\004\073\004\126\004\102\004\065\004\100\004\060\004\102\004\103\004\100\004\075\004\070\004\105\000\040\004\064\004\066\004\065\004\100\004\065\004\073}{}% 3
\BOOKMARK [2][-]{subsection.1.1}{\376\377\004\034\004\060\004\102\004\065\004\074\004\060\004\102\004\070\004\107\004\075\004\126\000\040\004\074\004\076\004\064\004\065\004\073\004\126\000\040\004\077\004\076\004\062\004\065\004\100\004\105\004\076\004\075\004\114\000\040\004\102\004\060\000\040\004\076\004\061\000'\004\124\004\072\004\102\004\126\004\062}{section.1}% 4
\BOOKMARK [2][-]{subsection.1.2}{\376\377\004\024\004\076\004\101\004\073\004\126\004\064\004\066\004\065\004\075\004\075\004\117\000\040\004\074\004\060\004\102\004\065\004\074\004\060\004\102\004\070\004\107\004\075\004\070\004\105\000\040\004\074\004\076\004\064\004\065\004\073\004\065\004\071\000\040\004\101\004\072\004\073\004\060\004\064\004\075\004\070\004\105\000\040\004\076\004\061\000'\004\124\004\072\004\102\004\126\004\062}{section.1}% 5
\BOOKMARK [1][-]{section.2}{\376\377\004\040\004\076\004\067\004\100\004\076\004\061\004\072\004\060\000\040\004\077\004\100\004\076\004\063\004\100\004\060\004\074\004\075\004\076\004\063\004\076\000\040\004\067\004\060\004\061\004\065\004\067\004\077\004\065\004\107\004\065\004\075\004\075\004\117\000\040\004\111\004\076\004\064\004\076\000\040\004\101\004\102\004\062\004\076\004\100\004\065\004\075\004\075\004\117\000\040\004\126\000\040\004\100\004\065\004\064\004\060\004\063\004\103\004\062\004\060\004\075\004\075\004\117\000\040\004\063\004\073\004\060\004\064\004\072\004\070\004\105\000\040\004\076\004\061\000'\004\124\004\072\004\102\004\126\004\062}{}% 6
\BOOKMARK [2][-]{subsection.2.1}{\376\377\004\021\004\126\004\061\004\073\004\126\004\076\004\102\004\065\004\072\004\060\000\040\000V\000i\000s\000u\000a\000l\000i\000z\000a\000t\000i\000o\000n\000\040\000L\000i\000b\000r\000a\000r\000y}{section.2}% 7
\BOOKMARK [1][-]{section.3}{\376\377\004\022\004\070\004\074\004\076\004\063\004\070\000\040\004\064\004\076\000\040\004\100\004\076\004\067\004\100\004\076\004\061\004\073\004\065\004\075\004\076\004\063\004\076\000\040\004\077\004\100\004\076\004\063\004\100\004\060\004\074\004\075\004\076\004\063\004\076\000\040\004\067\004\060\004\061\004\065\004\067\004\077\004\065\004\107\004\065\004\075\004\075\004\117}{}% 8
\BOOKMARK [1][-]{section.4}{\376\377\004\036\004\077\004\070\004\101\000\040\004\077\004\100\004\076\004\063\004\100\004\060\004\074\004\075\004\076\004\063\004\076\000\040\004\067\004\060\004\061\004\065\004\067\004\077\004\065\004\107\004\065\004\075\004\075\004\117}{}% 9
\BOOKMARK [1][-]{section.5}{\376\377\004\036\004\063\004\073\004\117\004\064\000\040\004\100\004\076\004\061\004\076\004\102\004\070\000\040\004\077\004\100\004\076\004\063\004\100\004\060\004\074\004\070}{}% 10
\BOOKMARK [1][-]{section.6}{\376\377\004\036\004\101\004\075\004\076\004\062\004\075\004\060\000\040\004\064\004\076\004\072\004\103\004\074\004\065\004\075\004\102\004\060\004\106\004\126\004\117\000\040\004\064\004\076\000\040\004\072\004\076\004\064\004\103}{}% 11
\BOOKMARK [2][-]{subsection.6.1}{\376\377\004\020\004\073\004\104\004\060\004\062\004\126\004\102\004\075\004\070\004\071\000\040\004\077\004\076\004\072\004\060\004\066\004\107\004\070\004\072\000\040\004\072\004\073\004\060\004\101\004\126\004\062}{section.6}% 12
\BOOKMARK [2][-]{subsection.6.2}{\376\377\004\032\004\073\004\060\004\101\004\070}{section.6}% 13
\BOOKMARK [2][-]{subsection.6.3}{\376\377\004\032\004\073\004\060\004\101\000\040\000B\000e\000z\000i\000a\000t\000o\000r}{section.6}% 14
\BOOKMARK [1][-]{section*.28}{\376\377\004\022\004\030\004\041\004\035\004\036\004\022\004\032\004\030}{}% 15
\BOOKMARK [1][-]{section*.28}{\376\377\004\041\004\037\004\030\004\041\004\036\004\032\000\040\004\022\004\030\004\032\004\036\004\040\004\030\004\041\004\042\004\020\004\035\004\036\004\007\000\040\004\033\004\006\004\042\004\025\004\040\004\020\004\042\004\043\004\040\004\030}{}% 16
\BOOKMARK [1][-]{section*.28}{\376\377\004\024\004\076\004\064\004\060\004\102\004\076\004\072\000\040\000A\000.\000\040\004\033\004\126\004\101\004\102\004\070\004\075\004\063\000\040\004\077\004\100\004\076\004\063\004\100\004\060\004\074\004\070}{}% 17
\BOOKMARK [2][-]{subsection.6.4}{\376\377\004\044\004\060\004\071\004\073\000\040\000o\000s\000d\000o\000/\000b\000e\000z\000i\000a\000t\000o\000r\000.\000h}{section*.28}% 18
\BOOKMARK [2][-]{subsection.6.5}{\376\377\000b\000e\000z\000i\000a\000t\000o\000r\000.\000\040\000\040\000h}{section*.28}% 19
\BOOKMARK [2][-]{subsection.6.6}{\376\377\004\044\004\060\004\071\004\073\000\040\000r\000e\000s\000/\000b\000e\000z\000i\000e\000r\000.\000f\000r\000a\000g}{section*.28}% 20
\BOOKMARK [2][-]{subsection.6.7}{\376\377\000b\000e\000z\000i\000e\000r\000.\000\040\000\040\000f\000r\000a\000g}{section*.28}% 21
\BOOKMARK [2][-]{subsection.6.8}{\376\377\004\044\004\060\004\071\004\073\000\040\000r\000e\000s\000/\000b\000e\000z\000i\000e\000r\000.\000g\000e\000o\000m}{section*.28}% 22
\BOOKMARK [2][-]{subsection.6.9}{\376\377\000b\000e\000z\000i\000e\000r\000.\000\040\000\040\000g\000e\000o\000m}{section*.28}% 23
\BOOKMARK [2][-]{subsection.6.10}{\376\377\004\044\004\060\004\071\004\073\000\040\000r\000e\000s\000/\000b\000e\000z\000i\000e\000r\000.\000t\000e\000s\000c}{section*.28}% 24
\BOOKMARK [2][-]{subsection.6.11}{\376\377\000b\000e\000z\000i\000e\000r\000.\000\040\000\040\000t\000e\000s\000c}{section*.28}% 25
\BOOKMARK [2][-]{subsection.6.12}{\376\377\004\044\004\060\004\071\004\073\000\040\000r\000e\000s\000/\000b\000e\000z\000i\000e\000r\000.\000t\000e\000s\000e}{section*.28}% 26
\BOOKMARK [2][-]{subsection.6.13}{\376\377\000b\000e\000z\000i\000e\000r\000.\000\040\000\040\000t\000e\000s\000e}{section*.28}% 27
\BOOKMARK [2][-]{subsection.6.14}{\376\377\004\044\004\060\004\071\004\073\000\040\000r\000e\000s\000/\000b\000e\000z\000i\000e\000r\000.\000v\000e\000r\000t}{section*.28}% 28
\BOOKMARK [2][-]{subsection.6.15}{\376\377\000b\000e\000z\000i\000e\000r\000.\000\040\000\040\000v\000e\000r\000t}{section*.28}% 29
